<?xml version="1.0" encoding="UTF-8"?>
<!-- Generated by org.testng.reporters.JUnitReportReporter -->
<testsuite skipped="0" hostname="Priyanka-Murali" name="SpecBuilders.SpecBuilder" tests="1" failures="0" timestamp="2022-03-14T17:02:12 IST" time="3.970" errors="0">
  <testcase name="test" time="3.970" classname="SpecBuilders.SpecBuilder"/>
  <system-out/>
</testsuite> <!-- SpecBuilders.SpecBuilder -->
