<?xml version="1.0" encoding="UTF-8"?>
<!-- Generated by org.testng.reporters.JUnitReportReporter -->
<testsuite skipped="0" hostname="Priyanka-Murali" name="LibraryAPI.LibAPIAddBook" tests="3" failures="0" timestamp="2022-05-28T23:01:00 IST" time="5.183" errors="0">
  <testcase name="addbook" time="0.558" classname="LibraryAPI.LibAPIAddBook"/>
  <system-out/>
  <testcase name="addbook" time="0.616" classname="LibraryAPI.LibAPIAddBook"/>
  <system-out/>
  <testcase name="addbook" time="4.009" classname="LibraryAPI.LibAPIAddBook"/>
  <system-out/>
</testsuite> <!-- LibraryAPI.LibAPIAddBook -->
