<?xml version="1.0" encoding="UTF-8"?>
<!-- Generated by org.testng.reporters.JUnitReportReporter -->
<testsuite skipped="0" hostname="Priyanka-Murali" name="RestAPIdemo.Basics1ComplexJson" tests="1" failures="0" timestamp="2022-05-08T17:38:39 IST" time="2.417" errors="0">
  <testcase name="comp" time="2.417" classname="RestAPIdemo.Basics1ComplexJson"/>
  <system-out/>
</testsuite> <!-- RestAPIdemo.Basics1ComplexJson -->
