<?xml version="1.0" encoding="UTF-8"?>
<!-- Generated by org.testng.reporters.JUnitReportReporter -->
<testsuite skipped="0" hostname="Priyanka-Murali" name="SerializatnPractice.AddPlace" tests="1" failures="0" timestamp="2022-05-30T22:48:28 IST" time="4.227" errors="0">
  <testcase name="addplace" time="4.227" classname="SerializatnPractice.AddPlace"/>
  <system-out/>
</testsuite> <!-- SerializatnPractice.AddPlace -->
