<?xml version="1.0" encoding="UTF-8"?>
<!-- Generated by org.testng.reporters.JUnitReportReporter -->
<testsuite skipped="0" hostname="Priyanka-Murali" name="RestAPIdemo.Basics2AddPlaceFromExternalFile" tests="1" failures="0" timestamp="2022-05-09T13:24:41 IST" time="5.371" errors="0">
  <testcase name="addplace" time="5.371" classname="RestAPIdemo.Basics2AddPlaceFromExternalFile"/>
  <system-out/>
</testsuite> <!-- RestAPIdemo.Basics2AddPlaceFromExternalFile -->
