<?xml version="1.0" encoding="UTF-8"?>
<!-- Generated by org.testng.reporters.JUnitReportReporter -->
<testsuite skipped="0" hostname="Priyanka-Murali" name="RestAPIdemo.Basics1AddUpdateGetPlace" tests="1" failures="0" timestamp="2022-05-05T13:43:21 IST" time="6.272" errors="0">
  <testcase name="AddPlace" time="6.272" classname="RestAPIdemo.Basics1AddUpdateGetPlace"/>
  <system-out/>
</testsuite> <!-- RestAPIdemo.Basics1AddUpdateGetPlace -->
