<?xml version="1.0" encoding="UTF-8"?>
<!-- Generated by org.testng.reporters.JUnitReportReporter -->
<testsuite skipped="0" hostname="Priyanka-Murali" name="JiraAutomation.AddingAComment" tests="1" failures="0" timestamp="2022-05-29T18:45:41 IST" time="5.871" errors="0">
  <testcase name="comment" time="5.871" classname="JiraAutomation.AddingAComment"/>
  <system-out/>
</testsuite> <!-- JiraAutomation.AddingAComment -->
