<?xml version="1.0" encoding="UTF-8"?>
<!-- Generated by org.testng.reporters.JUnitReportReporter -->
<testsuite skipped="0" hostname="Priyanka-Murali" name="RestAPIdemo.Basics2ParameterizatnUsingDataProvider" tests="3" failures="0" timestamp="2022-05-09T13:24:07 IST" time="5.067" errors="0">
  <testcase name="Addbook" time="0.615" classname="RestAPIdemo.Basics2ParameterizatnUsingDataProvider"/>
  <system-out/>
  <testcase name="Addbook" time="0.599" classname="RestAPIdemo.Basics2ParameterizatnUsingDataProvider"/>
  <system-out/>
  <testcase name="Addbook" time="3.853" classname="RestAPIdemo.Basics2ParameterizatnUsingDataProvider"/>
  <system-out/>
</testsuite> <!-- RestAPIdemo.Basics2ParameterizatnUsingDataProvider -->
