<?xml version="1.0" encoding="UTF-8"?>
<!-- Generated by org.testng.reporters.JUnitReportReporter -->
<testsuite skipped="0" hostname="Priyanka-Murali" name="JiraAutomation.DupeAddingAComment" tests="1" failures="0" timestamp="2022-05-29T18:58:34 IST" time="4.371" errors="0">
  <testcase name="AddAComment" time="4.371" classname="JiraAutomation.DupeAddingAComment"/>
  <system-out/>
</testsuite> <!-- JiraAutomation.DupeAddingAComment -->
