<?xml version="1.0" encoding="UTF-8"?>
<!-- Generated by org.testng.reporters.JUnitReportReporter -->
<testsuite skipped="0" hostname="Priyanka-Murali" name="RestAPIdemo.AddAndDeleteBooksUsingDataProvider" tests="2" failures="0" timestamp="2022-05-28T22:47:50 IST" time="4.743" errors="0">
  <testcase name="add" time="0.519" classname="RestAPIdemo.AddAndDeleteBooksUsingDataProvider"/>
  <system-out/>
  <testcase name="add" time="4.224" classname="RestAPIdemo.AddAndDeleteBooksUsingDataProvider"/>
  <system-out/>
</testsuite> <!-- RestAPIdemo.AddAndDeleteBooksUsingDataProvider -->
