<?xml version="1.0" encoding="UTF-8"?>
<!-- Generated by org.testng.reporters.JUnitReportReporter -->
<testsuite skipped="0" hostname="Priyanka-Murali" name="RestAPIdemo.Basics1" tests="1" failures="0" timestamp="2022-05-05T13:22:46 IST" time="4.764" errors="0">
  <testcase name="AddPlace" time="4.764" classname="RestAPIdemo.Basics1"/>
  <system-out/>
</testsuite> <!-- RestAPIdemo.Basics1 -->
