<?xml version="1.0" encoding="UTF-8"?>
<!-- Generated by org.testng.reporters.JUnitReportReporter -->
<testsuite skipped="0" hostname="Priyanka-Murali" name="RestAPIdemo.Basics11ComplexJson" tests="1" failures="0" timestamp="2022-05-28T22:07:56 IST" time="2.254" errors="0">
  <testcase name="complex" time="2.254" classname="RestAPIdemo.Basics11ComplexJson"/>
  <system-out/>
</testsuite> <!-- RestAPIdemo.Basics11ComplexJson -->
