<?xml version="1.0" encoding="UTF-8"?>
<!-- Generated by org.testng.reporters.JUnitReportReporter -->
<testsuite skipped="0" hostname="Priyanka-Murali" name="OAuth2.DuperOAuth2" tests="1" failures="0" timestamp="2022-05-30T14:47:12 IST" time="5.942" errors="0">
  <testcase name="DuperOuth" time="5.942" classname="OAuth2.DuperOAuth2"/>
  <system-out/>
</testsuite> <!-- OAuth2.DuperOAuth2 -->
