<?xml version="1.0" encoding="UTF-8"?>
<!-- Generated by org.testng.reporters.JUnitReportReporter -->
<testsuite skipped="0" hostname="Priyanka-Murali" name="RestAPIdemo.Basics2AddBook" tests="1" failures="0" timestamp="2022-05-08T20:07:57 IST" time="3.756" errors="0">
  <testcase name="addbook" time="3.756" classname="RestAPIdemo.Basics2AddBook"/>
  <system-out/>
</testsuite> <!-- RestAPIdemo.Basics2AddBook -->
