<?xml version="1.0" encoding="UTF-8"?>
<!-- Generated by org.testng.reporters.JUnitReportReporter -->
<testsuite skipped="0" hostname="DESKTOP-MLOH9VB" name="RestAPIdemo.usingLibraryAPI" tests="3" failures="0" timestamp="2022-01-19T12:01:51 IST" time="6.220" errors="0">
  <testcase name="add" time="0.567" classname="RestAPIdemo.usingLibraryAPI"/>
  <system-out/>
  <testcase name="add" time="5.075" classname="RestAPIdemo.usingLibraryAPI"/>
  <system-out/>
  <testcase name="add" time="0.578" classname="RestAPIdemo.usingLibraryAPI"/>
  <system-out/>
</testsuite> <!-- RestAPIdemo.usingLibraryAPI -->
