<?xml version="1.0" encoding="UTF-8"?>
<!-- Generated by org.testng.reporters.JUnitReportReporter -->
<testsuite skipped="0" hostname="DESKTOP-MLOH9VB" name="Serialization.AddAPlace" tests="1" failures="0" timestamp="2022-03-07T14:34:55 IST" time="3.778" errors="0">
  <testcase name="test" time="3.778" classname="Serialization.AddAPlace"/>
  <system-out/>
</testsuite> <!-- Serialization.AddAPlace -->
