<?xml version="1.0" encoding="UTF-8"?>
<!-- Generated by org.testng.reporters.JUnitReportReporter -->
<testsuite skipped="0" hostname="DESKTOP-MLOH9VB" name="JiraAutomation.AddingAComment2" tests="1" failures="0" timestamp="2022-02-09T18:14:19 IST" time="5.300" errors="0">
  <testcase name="commenting" time="5.300" classname="JiraAutomation.AddingAComment2"/>
  <system-out/>
</testsuite> <!-- JiraAutomation.AddingAComment2 -->
